<?xml version="1.0" encoding="UTF-8"?>
<testsuite xmlns:xsi="http://www.w3.org/2001/XMLSchema-instance" xsi:noNamespaceSchemaLocation="https://maven.apache.org/surefire/maven-surefire-plugin/xsd/surefire-test-report-3.0.xsd" version="3.0" name="org.example.estore.service.UserServiceTest" time="3.443" tests="7" errors="0" skipped="0" failures="0">
  <properties>
[...]
</properties>
  <testcase name="testCreateUser_whenFirstNameNullOrEmpty_shouldThrowsIllegalArgumentException" classname="org.example.estore.service.UserServiceTest" time="2.536"/>
  <testcase name="testCreateUser_whenLastNameNullOrEmpty_shouldThrowsIllegalArgumentException" classname="org.example.estore.service.UserServiceTest" time="0.006"/>
  <testcase name="testCreateUser_whenSaveMethodReturnsFalse_shouldThrowsUserServiceException" classname="org.example.estore.service.UserServiceTest" time="0.645"/>
  <testcase name="testCreateUser_whenScheduleEmailConfirmationThrowsException_shouldThrowsUserServiceException" classname="org.example.estore.service.UserServiceTest" time="0.032"/>
  <testcase name="testCreateUser_whenUserCreated_scheduleEmailConfirmation" classname="org.example.estore.service.UserServiceTest" time="0.017">
    <system-out><![CDATA[scheduleEmailConfirmation method called!
]]></system-out>
  </testcase>
  <testcase name="testCreateUser_whenUserDetailsProvided_shouldReturnsUserObject" classname="org.example.estore.service.UserServiceTest" time="0.025"/>
  <testcase name="testCreateUser_whenSaveMethodThrowsException_shouldThrowsUserServiceException" classname="org.example.estore.service.UserServiceTest" time="0.009"/>
</testsuite>